models.Field 	723bde64-6f52-4c74-8bf1-00ad4adbf26e 	 true 
models.Field 	d2ac55b9-2073-4638-bce8-9eadcc97ae20 	 true 
*models.Player 	87f03a3f-fefb-4b71-aee4-8253c09408b6 	 true 
*models.Player 	87f03a3f-fefb-4b71-aee4-8253c09408b6 	 true 
*models.Player 	87f03a3f-fefb-4b71-aee4-8253c09408b6 	 true 
*models.Player 	e10b6a61-bbc3-45ed-9ebb-6fffccc6dbe8 	 true 
*models.Player 	87f03a3f-fefb-4b71-aee4-8253c09408b6 	 true 
*models.Enemy 	6a9f3ff3-c76a-405c-bf8b-e42f88edf4ae 	 true 
*models.Item 	1c1cec7a-be93-4e2c-90cd-deb4041ad9bf 	 true 
*models.Item 	e68c731d-4a28-493d-8bd6-6e960121f725 	 true 
*models.Item 	d45ece1b-7dc3-4b8e-88c6-d2c431eecf44 	 true 
*models.Item 	8a5610f3-18f5-4e3e-8cc7-7bc9c115c3e6 	 true 
models.Field 	dddbf786-1ea9-4085-a9c9-0d457c6f018e 	 true 
*models.Player 	87f03a3f-fefb-4b71-aee4-8253c09408b6 	 true 
*models.Player 	87f03a3f-fefb-4b71-aee4-8253c09408b6 	 true 
*models.Player 	87f03a3f-fefb-4b71-aee4-8253c09408b6 	 true 
*models.Item 	8a5610f3-18f5-4e3e-8cc7-7bc9c115c3e6 	 true 
*models.Player 	e10b6a61-bbc3-45ed-9ebb-6fffccc6dbe8 	 true 
*models.Player 	87f03a3f-fefb-4b71-aee4-8253c09408b6 	 true 
*models.Enemy 	6a9f3ff3-c76a-405c-bf8b-e42f88edf4ae 	 true 
*models.Item 	1c1cec7a-be93-4e2c-90cd-deb4041ad9bf 	 true 
*models.Item 	e68c731d-4a28-493d-8bd6-6e960121f725 	 true 
*models.Item 	d45ece1b-7dc3-4b8e-88c6-d2c431eecf44 	 true 
models.Field 	3138ade8-b355-4652-bbce-e86d38664bec 	 true 
*models.Player 	87f03a3f-fefb-4b71-aee4-8253c09408b6 	 true 
*models.Player 	87f03a3f-fefb-4b71-aee4-8253c09408b6 	 true 
*models.Player 	87f03a3f-fefb-4b71-aee4-8253c09408b6 	 true 
*models.Item 	e68c731d-4a28-493d-8bd6-6e960121f725 	 true 
*models.Item 	d45ece1b-7dc3-4b8e-88c6-d2c431eecf44 	 true 
*models.Item 	8a5610f3-18f5-4e3e-8cc7-7bc9c115c3e6 	 true 
*models.Player 	e10b6a61-bbc3-45ed-9ebb-6fffccc6dbe8 	 true 
*models.Player 	87f03a3f-fefb-4b71-aee4-8253c09408b6 	 true 
*models.Enemy 	6a9f3ff3-c76a-405c-bf8b-e42f88edf4ae 	 true 
*models.Item 	1c1cec7a-be93-4e2c-90cd-deb4041ad9bf 	 true 
models.Field 	411138a1-53ba-4cfc-86c3-d3a597881f0f 	 true 
*models.Player 	87f03a3f-fefb-4b71-aee4-8253c09408b6 	 true 
*models.Player 	87f03a3f-fefb-4b71-aee4-8253c09408b6 	 true 
*models.Player 	87f03a3f-fefb-4b71-aee4-8253c09408b6 	 true 
*models.Item 	e68c731d-4a28-493d-8bd6-6e960121f725 	 true 
*models.Item 	d45ece1b-7dc3-4b8e-88c6-d2c431eecf44 	 true 
*models.Item 	8a5610f3-18f5-4e3e-8cc7-7bc9c115c3e6 	 true 
*models.Player 	e10b6a61-bbc3-45ed-9ebb-6fffccc6dbe8 	 true 
*models.Player 	87f03a3f-fefb-4b71-aee4-8253c09408b6 	 true 
*models.Enemy 	6a9f3ff3-c76a-405c-bf8b-e42f88edf4ae 	 true 
*models.Item 	1c1cec7a-be93-4e2c-90cd-deb4041ad9bf 	 true 
models.Field 	400ac9ae-d3cc-4f5f-b25b-8911cd0f7b3a 	 true 
*models.Player 	87f03a3f-fefb-4b71-aee4-8253c09408b6 	 true 
*models.Player 	87f03a3f-fefb-4b71-aee4-8253c09408b6 	 true 
*models.Player 	87f03a3f-fefb-4b71-aee4-8253c09408b6 	 true 
*models.Item 	1c1cec7a-be93-4e2c-90cd-deb4041ad9bf 	 true 
*models.Item 	e68c731d-4a28-493d-8bd6-6e960121f725 	 true 
*models.Item 	d45ece1b-7dc3-4b8e-88c6-d2c431eecf44 	 true 
*models.Item 	8a5610f3-18f5-4e3e-8cc7-7bc9c115c3e6 	 true 
*models.Player 	e10b6a61-bbc3-45ed-9ebb-6fffccc6dbe8 	 true 
*models.Player 	87f03a3f-fefb-4b71-aee4-8253c09408b6 	 true 
*models.Enemy 	6a9f3ff3-c76a-405c-bf8b-e42f88edf4ae 	 true 
models.Field 	e709433a-f1e1-41a3-98e2-ef2d7a9129fe 	 true 
*models.Player 	87f03a3f-fefb-4b71-aee4-8253c09408b6 	 true 
*models.Player 	87f03a3f-fefb-4b71-aee4-8253c09408b6 	 true 
*models.Player 	87f03a3f-fefb-4b71-aee4-8253c09408b6 	 true 
*models.Player 	87f03a3f-fefb-4b71-aee4-8253c09408b6 	 true 
*models.Enemy 	6a9f3ff3-c76a-405c-bf8b-e42f88edf4ae 	 true 
*models.Item 	1c1cec7a-be93-4e2c-90cd-deb4041ad9bf 	 true 
*models.Item 	e68c731d-4a28-493d-8bd6-6e960121f725 	 true 
*models.Item 	d45ece1b-7dc3-4b8e-88c6-d2c431eecf44 	 true 
*models.Item 	8a5610f3-18f5-4e3e-8cc7-7bc9c115c3e6 	 true 
*models.Player 	e10b6a61-bbc3-45ed-9ebb-6fffccc6dbe8 	 true 
models.Field 	9b6369e9-e989-46e5-a7b2-21a3b3589d6d 	 true 
*models.Player 	87f03a3f-fefb-4b71-aee4-8253c09408b6 	 true 
*models.Player 	87f03a3f-fefb-4b71-aee4-8253c09408b6 	 true 
*models.Player 	87f03a3f-fefb-4b71-aee4-8253c09408b6 	 true 
*models.Item 	8a5610f3-18f5-4e3e-8cc7-7bc9c115c3e6 	 true 
*models.Player 	e10b6a61-bbc3-45ed-9ebb-6fffccc6dbe8 	 true 
*models.Player 	87f03a3f-fefb-4b71-aee4-8253c09408b6 	 true 
*models.Enemy 	6a9f3ff3-c76a-405c-bf8b-e42f88edf4ae 	 true 
*models.Item 	1c1cec7a-be93-4e2c-90cd-deb4041ad9bf 	 true 
*models.Item 	e68c731d-4a28-493d-8bd6-6e960121f725 	 true 
*models.Item 	d45ece1b-7dc3-4b8e-88c6-d2c431eecf44 	 true 
models.Field 	bdb95738-ac52-44c3-9990-1303d6df0e7d 	 true 
*models.Player 	87f03a3f-fefb-4b71-aee4-8253c09408b6 	 true 
*models.Player 	87f03a3f-fefb-4b71-aee4-8253c09408b6 	 true 
*models.Player 	87f03a3f-fefb-4b71-aee4-8253c09408b6 	 true 
*models.Item 	e68c731d-4a28-493d-8bd6-6e960121f725 	 true 
*models.Item 	d45ece1b-7dc3-4b8e-88c6-d2c431eecf44 	 true 
*models.Item 	8a5610f3-18f5-4e3e-8cc7-7bc9c115c3e6 	 true 
*models.Player 	e10b6a61-bbc3-45ed-9ebb-6fffccc6dbe8 	 true 
*models.Player 	87f03a3f-fefb-4b71-aee4-8253c09408b6 	 true 
*models.Enemy 	6a9f3ff3-c76a-405c-bf8b-e42f88edf4ae 	 true 
*models.Item 	1c1cec7a-be93-4e2c-90cd-deb4041ad9bf 	 true 
models.Field 	daabf1f6-e0e3-4167-a730-2e768e568744 	 true 
*models.Player 	87f03a3f-fefb-4b71-aee4-8253c09408b6 	 true 
*models.Player 	87f03a3f-fefb-4b71-aee4-8253c09408b6 	 true 
*models.Player 	87f03a3f-fefb-4b71-aee4-8253c09408b6 	 true 
*models.Enemy 	6a9f3ff3-c76a-405c-bf8b-e42f88edf4ae 	 true 
*models.Item 	1c1cec7a-be93-4e2c-90cd-deb4041ad9bf 	 true 
*models.Item 	e68c731d-4a28-493d-8bd6-6e960121f725 	 true 
*models.Item 	d45ece1b-7dc3-4b8e-88c6-d2c431eecf44 	 true 
*models.Item 	8a5610f3-18f5-4e3e-8cc7-7bc9c115c3e6 	 true 
*models.Player 	e10b6a61-bbc3-45ed-9ebb-6fffccc6dbe8 	 true 
*models.Player 	87f03a3f-fefb-4b71-aee4-8253c09408b6 	 true 
models.Field 	04117fa0-fd56-4523-b087-79a28462e1ce 	 true 
*models.Player 	87f03a3f-fefb-4b71-aee4-8253c09408b6 	 true 
*models.Player 	87f03a3f-fefb-4b71-aee4-8253c09408b6 	 true 
*models.Player 	87f03a3f-fefb-4b71-aee4-8253c09408b6 	 true 
*models.Item 	1c1cec7a-be93-4e2c-90cd-deb4041ad9bf 	 true 
*models.Item 	e68c731d-4a28-493d-8bd6-6e960121f725 	 true 
*models.Item 	d45ece1b-7dc3-4b8e-88c6-d2c431eecf44 	 true 
*models.Item 	8a5610f3-18f5-4e3e-8cc7-7bc9c115c3e6 	 true 
*models.Player 	e10b6a61-bbc3-45ed-9ebb-6fffccc6dbe8 	 true 
*models.Player 	87f03a3f-fefb-4b71-aee4-8253c09408b6 	 true 
*models.Enemy 	6a9f3ff3-c76a-405c-bf8b-e42f88edf4ae 	 true 
models.Field 	c68776e7-33ad-4576-8423-c516ad00fd60 	 true 
*models.Player 	87f03a3f-fefb-4b71-aee4-8253c09408b6 	 true 
*models.Player 	87f03a3f-fefb-4b71-aee4-8253c09408b6 	 true 
*models.Player 	87f03a3f-fefb-4b71-aee4-8253c09408b6 	 true 
*models.Item 	8a5610f3-18f5-4e3e-8cc7-7bc9c115c3e6 	 true 
*models.Player 	e10b6a61-bbc3-45ed-9ebb-6fffccc6dbe8 	 true 
*models.Player 	87f03a3f-fefb-4b71-aee4-8253c09408b6 	 true 
*models.Enemy 	6a9f3ff3-c76a-405c-bf8b-e42f88edf4ae 	 true 
*models.Item 	1c1cec7a-be93-4e2c-90cd-deb4041ad9bf 	 true 
*models.Item 	e68c731d-4a28-493d-8bd6-6e960121f725 	 true 
*models.Item 	d45ece1b-7dc3-4b8e-88c6-d2c431eecf44 	 true 
models.Field 	7a1d003c-7a6b-47fd-b719-cc361509378b 	 true 
*models.Player 	87f03a3f-fefb-4b71-aee4-8253c09408b6 	 true 
*models.Player 	87f03a3f-fefb-4b71-aee4-8253c09408b6 	 true 
*models.Player 	87f03a3f-fefb-4b71-aee4-8253c09408b6 	 true 
*models.Item 	1c1cec7a-be93-4e2c-90cd-deb4041ad9bf 	 true 
*models.Item 	e68c731d-4a28-493d-8bd6-6e960121f725 	 true 
*models.Item 	d45ece1b-7dc3-4b8e-88c6-d2c431eecf44 	 true 
*models.Item 	8a5610f3-18f5-4e3e-8cc7-7bc9c115c3e6 	 true 
*models.Player 	e10b6a61-bbc3-45ed-9ebb-6fffccc6dbe8 	 true 
*models.Player 	87f03a3f-fefb-4b71-aee4-8253c09408b6 	 true 
*models.Enemy 	6a9f3ff3-c76a-405c-bf8b-e42f88edf4ae 	 true 
models.Field 	594aee05-7c0b-4fe7-ba4a-30408d57bf18 	 true 
*models.Player 	87f03a3f-fefb-4b71-aee4-8253c09408b6 	 true 
*models.Player 	87f03a3f-fefb-4b71-aee4-8253c09408b6 	 true 
*models.Player 	87f03a3f-fefb-4b71-aee4-8253c09408b6 	 true 
*models.Player 	87f03a3f-fefb-4b71-aee4-8253c09408b6 	 true 
*models.Enemy 	6a9f3ff3-c76a-405c-bf8b-e42f88edf4ae 	 true 
*models.Item 	1c1cec7a-be93-4e2c-90cd-deb4041ad9bf 	 true 
*models.Item 	e68c731d-4a28-493d-8bd6-6e960121f725 	 true 
*models.Item 	d45ece1b-7dc3-4b8e-88c6-d2c431eecf44 	 true 
*models.Item 	8a5610f3-18f5-4e3e-8cc7-7bc9c115c3e6 	 true 
*models.Player 	e10b6a61-bbc3-45ed-9ebb-6fffccc6dbe8 	 true 
models.Field 	9db01e98-3d93-4f28-b479-9c258e14bf02 	 true 
*models.Player 	87f03a3f-fefb-4b71-aee4-8253c09408b6 	 true 
*models.Player 	87f03a3f-fefb-4b71-aee4-8253c09408b6 	 true 
*models.Player 	87f03a3f-fefb-4b71-aee4-8253c09408b6 	 true 
*models.Item 	1c1cec7a-be93-4e2c-90cd-deb4041ad9bf 	 true 
*models.Item 	e68c731d-4a28-493d-8bd6-6e960121f725 	 true 
*models.Item 	d45ece1b-7dc3-4b8e-88c6-d2c431eecf44 	 true 
*models.Item 	8a5610f3-18f5-4e3e-8cc7-7bc9c115c3e6 	 true 
*models.Player 	e10b6a61-bbc3-45ed-9ebb-6fffccc6dbe8 	 true 
*models.Player 	87f03a3f-fefb-4b71-aee4-8253c09408b6 	 true 
*models.Enemy 	6a9f3ff3-c76a-405c-bf8b-e42f88edf4ae 	 true 
models.Field 	94c281ea-2945-41b4-89af-b7e6a96af0da 	 true 
*models.Player 	87f03a3f-fefb-4b71-aee4-8253c09408b6 	 true 
*models.Player 	87f03a3f-fefb-4b71-aee4-8253c09408b6 	 true 
*models.Player 	87f03a3f-fefb-4b71-aee4-8253c09408b6 	 true 
*models.Item 	e68c731d-4a28-493d-8bd6-6e960121f725 	 true 
*models.Item 	d45ece1b-7dc3-4b8e-88c6-d2c431eecf44 	 true 
*models.Item 	8a5610f3-18f5-4e3e-8cc7-7bc9c115c3e6 	 true 
*models.Player 	e10b6a61-bbc3-45ed-9ebb-6fffccc6dbe8 	 true 
*models.Player 	87f03a3f-fefb-4b71-aee4-8253c09408b6 	 true 
*models.Enemy 	6a9f3ff3-c76a-405c-bf8b-e42f88edf4ae 	 true 
*models.Item 	1c1cec7a-be93-4e2c-90cd-deb4041ad9bf 	 true 
models.Field 	8fad3a4a-c90f-48d4-a14c-b6e3c1112d0a 	 true 
*models.Player 	87f03a3f-fefb-4b71-aee4-8253c09408b6 	 true 
*models.Player 	87f03a3f-fefb-4b71-aee4-8253c09408b6 	 true 
*models.Player 	87f03a3f-fefb-4b71-aee4-8253c09408b6 	 true 
*models.Enemy 	6a9f3ff3-c76a-405c-bf8b-e42f88edf4ae 	 true 
*models.Item 	1c1cec7a-be93-4e2c-90cd-deb4041ad9bf 	 true 
*models.Item 	e68c731d-4a28-493d-8bd6-6e960121f725 	 true 
*models.Item 	d45ece1b-7dc3-4b8e-88c6-d2c431eecf44 	 true 
*models.Item 	8a5610f3-18f5-4e3e-8cc7-7bc9c115c3e6 	 true 
*models.Player 	e10b6a61-bbc3-45ed-9ebb-6fffccc6dbe8 	 true 
*models.Player 	87f03a3f-fefb-4b71-aee4-8253c09408b6 	 true 
models.Field 	622dfce4-2f56-48ca-93ec-56eab9607121 	 true 
*models.Player 	87f03a3f-fefb-4b71-aee4-8253c09408b6 	 true 
*models.Player 	87f03a3f-fefb-4b71-aee4-8253c09408b6 	 true 
*models.Player 	87f03a3f-fefb-4b71-aee4-8253c09408b6 	 true 
*models.Item 	e68c731d-4a28-493d-8bd6-6e960121f725 	 true 
*models.Item 	d45ece1b-7dc3-4b8e-88c6-d2c431eecf44 	 true 
*models.Item 	8a5610f3-18f5-4e3e-8cc7-7bc9c115c3e6 	 true 
*models.Player 	e10b6a61-bbc3-45ed-9ebb-6fffccc6dbe8 	 true 
*models.Player 	87f03a3f-fefb-4b71-aee4-8253c09408b6 	 true 
*models.Enemy 	6a9f3ff3-c76a-405c-bf8b-e42f88edf4ae 	 true 
*models.Item 	1c1cec7a-be93-4e2c-90cd-deb4041ad9bf 	 true 
models.Field 	3155dd2e-a6cc-4724-81e8-587eb1f85831 	 true 
*models.Player 	87f03a3f-fefb-4b71-aee4-8253c09408b6 	 true 
*models.Player 	87f03a3f-fefb-4b71-aee4-8253c09408b6 	 true 
*models.Player 	87f03a3f-fefb-4b71-aee4-8253c09408b6 	 true 
*models.Item 	d45ece1b-7dc3-4b8e-88c6-d2c431eecf44 	 true 
*models.Item 	8a5610f3-18f5-4e3e-8cc7-7bc9c115c3e6 	 true 
*models.Player 	e10b6a61-bbc3-45ed-9ebb-6fffccc6dbe8 	 true 
*models.Player 	87f03a3f-fefb-4b71-aee4-8253c09408b6 	 true 
*models.Enemy 	6a9f3ff3-c76a-405c-bf8b-e42f88edf4ae 	 true 
*models.Item 	1c1cec7a-be93-4e2c-90cd-deb4041ad9bf 	 true 
*models.Item 	e68c731d-4a28-493d-8bd6-6e960121f725 	 true 
models.Field 	04da2d90-1e3c-4f95-979c-9077f4f455a7 	 true 
*models.Player 	87f03a3f-fefb-4b71-aee4-8253c09408b6 	 true 
*models.Player 	87f03a3f-fefb-4b71-aee4-8253c09408b6 	 true 
*models.Player 	87f03a3f-fefb-4b71-aee4-8253c09408b6 	 true 
*models.Player 	87f03a3f-fefb-4b71-aee4-8253c09408b6 	 true 
*models.Enemy 	6a9f3ff3-c76a-405c-bf8b-e42f88edf4ae 	 true 
*models.Item 	1c1cec7a-be93-4e2c-90cd-deb4041ad9bf 	 true 
*models.Item 	e68c731d-4a28-493d-8bd6-6e960121f725 	 true 
*models.Item 	d45ece1b-7dc3-4b8e-88c6-d2c431eecf44 	 true 
*models.Item 	8a5610f3-18f5-4e3e-8cc7-7bc9c115c3e6 	 true 
*models.Player 	e10b6a61-bbc3-45ed-9ebb-6fffccc6dbe8 	 true 
models.Field 	090c3e4f-08dc-4080-af64-909278a40734 	 true 
*models.Player 	87f03a3f-fefb-4b71-aee4-8253c09408b6 	 true 
*models.Player 	87f03a3f-fefb-4b71-aee4-8253c09408b6 	 true 
*models.Player 	87f03a3f-fefb-4b71-aee4-8253c09408b6 	 true 
*models.Item 	1c1cec7a-be93-4e2c-90cd-deb4041ad9bf 	 true 
*models.Item 	e68c731d-4a28-493d-8bd6-6e960121f725 	 true 
*models.Item 	d45ece1b-7dc3-4b8e-88c6-d2c431eecf44 	 true 
*models.Item 	8a5610f3-18f5-4e3e-8cc7-7bc9c115c3e6 	 true 
*models.Player 	e10b6a61-bbc3-45ed-9ebb-6fffccc6dbe8 	 true 
*models.Player 	87f03a3f-fefb-4b71-aee4-8253c09408b6 	 true 
*models.Enemy 	6a9f3ff3-c76a-405c-bf8b-e42f88edf4ae 	 true 
models.Field 	d830247f-aa94-4a39-a7c0-8f6b7128ed20 	 true 
*models.Player 	87f03a3f-fefb-4b71-aee4-8253c09408b6 	 true 
*models.Player 	87f03a3f-fefb-4b71-aee4-8253c09408b6 	 true 
*models.Player 	87f03a3f-fefb-4b71-aee4-8253c09408b6 	 true 
*models.Item 	1c1cec7a-be93-4e2c-90cd-deb4041ad9bf 	 true 
*models.Item 	e68c731d-4a28-493d-8bd6-6e960121f725 	 true 
*models.Item 	d45ece1b-7dc3-4b8e-88c6-d2c431eecf44 	 true 
*models.Item 	8a5610f3-18f5-4e3e-8cc7-7bc9c115c3e6 	 true 
*models.Player 	e10b6a61-bbc3-45ed-9ebb-6fffccc6dbe8 	 true 
*models.Player 	87f03a3f-fefb-4b71-aee4-8253c09408b6 	 true 
*models.Enemy 	6a9f3ff3-c76a-405c-bf8b-e42f88edf4ae 	 true 
models.Field 	217315d9-5927-41da-a92d-c03bcc40a672 	 true 
*models.Player 	87f03a3f-fefb-4b71-aee4-8253c09408b6 	 true 
*models.Player 	87f03a3f-fefb-4b71-aee4-8253c09408b6 	 true 
*models.Player 	87f03a3f-fefb-4b71-aee4-8253c09408b6 	 true 
*models.Item 	1c1cec7a-be93-4e2c-90cd-deb4041ad9bf 	 true 
*models.Item 	e68c731d-4a28-493d-8bd6-6e960121f725 	 true 
*models.Item 	d45ece1b-7dc3-4b8e-88c6-d2c431eecf44 	 true 
*models.Item 	8a5610f3-18f5-4e3e-8cc7-7bc9c115c3e6 	 true 
*models.Player 	e10b6a61-bbc3-45ed-9ebb-6fffccc6dbe8 	 true 
*models.Player 	87f03a3f-fefb-4b71-aee4-8253c09408b6 	 true 
*models.Enemy 	6a9f3ff3-c76a-405c-bf8b-e42f88edf4ae 	 true 
models.Field 	0e6dc2ae-e104-41a9-a71d-f71673906505 	 true 
*models.Player 	87f03a3f-fefb-4b71-aee4-8253c09408b6 	 true 
*models.Player 	87f03a3f-fefb-4b71-aee4-8253c09408b6 	 true 
*models.Player 	87f03a3f-fefb-4b71-aee4-8253c09408b6 	 true 
*models.Item 	e68c731d-4a28-493d-8bd6-6e960121f725 	 true 
*models.Item 	d45ece1b-7dc3-4b8e-88c6-d2c431eecf44 	 true 
*models.Item 	8a5610f3-18f5-4e3e-8cc7-7bc9c115c3e6 	 true 
*models.Player 	e10b6a61-bbc3-45ed-9ebb-6fffccc6dbe8 	 true 
*models.Player 	87f03a3f-fefb-4b71-aee4-8253c09408b6 	 true 
*models.Enemy 	6a9f3ff3-c76a-405c-bf8b-e42f88edf4ae 	 true 
*models.Item 	1c1cec7a-be93-4e2c-90cd-deb4041ad9bf 	 true 
models.Field 	86ed00f7-b0cf-45e3-a63a-8232f029a0dc 	 true 
*models.Player 	87f03a3f-fefb-4b71-aee4-8253c09408b6 	 true 
*models.Player 	87f03a3f-fefb-4b71-aee4-8253c09408b6 	 true 
*models.Player 	87f03a3f-fefb-4b71-aee4-8253c09408b6 	 true 
*models.Player 	87f03a3f-fefb-4b71-aee4-8253c09408b6 	 true 
*models.Enemy 	6a9f3ff3-c76a-405c-bf8b-e42f88edf4ae 	 true 
*models.Item 	1c1cec7a-be93-4e2c-90cd-deb4041ad9bf 	 true 
*models.Item 	e68c731d-4a28-493d-8bd6-6e960121f725 	 true 
*models.Item 	d45ece1b-7dc3-4b8e-88c6-d2c431eecf44 	 true 
*models.Item 	8a5610f3-18f5-4e3e-8cc7-7bc9c115c3e6 	 true 
*models.Player 	e10b6a61-bbc3-45ed-9ebb-6fffccc6dbe8 	 true 
models.Field 	7455dc5a-db11-4e73-a1b9-1e4d719341cc 	 true 
*models.Player 	87f03a3f-fefb-4b71-aee4-8253c09408b6 	 true 
*models.Player 	87f03a3f-fefb-4b71-aee4-8253c09408b6 	 true 
*models.Player 	87f03a3f-fefb-4b71-aee4-8253c09408b6 	 true 
*models.Player 	87f03a3f-fefb-4b71-aee4-8253c09408b6 	 true 
*models.Enemy 	6a9f3ff3-c76a-405c-bf8b-e42f88edf4ae 	 true 
*models.Item 	1c1cec7a-be93-4e2c-90cd-deb4041ad9bf 	 true 
*models.Item 	e68c731d-4a28-493d-8bd6-6e960121f725 	 true 
*models.Item 	d45ece1b-7dc3-4b8e-88c6-d2c431eecf44 	 true 
*models.Item 	8a5610f3-18f5-4e3e-8cc7-7bc9c115c3e6 	 true 
*models.Player 	e10b6a61-bbc3-45ed-9ebb-6fffccc6dbe8 	 true 
models.Field 	b4d2a533-6561-4478-841a-781a3811da92 	 true 
*models.Player 	87f03a3f-fefb-4b71-aee4-8253c09408b6 	 true 
*models.Player 	87f03a3f-fefb-4b71-aee4-8253c09408b6 	 true 
*models.Player 	87f03a3f-fefb-4b71-aee4-8253c09408b6 	 true 
*models.Item 	1c1cec7a-be93-4e2c-90cd-deb4041ad9bf 	 true 
*models.Item 	e68c731d-4a28-493d-8bd6-6e960121f725 	 true 
*models.Item 	d45ece1b-7dc3-4b8e-88c6-d2c431eecf44 	 true 
*models.Item 	8a5610f3-18f5-4e3e-8cc7-7bc9c115c3e6 	 true 
*models.Player 	e10b6a61-bbc3-45ed-9ebb-6fffccc6dbe8 	 true 
*models.Player 	87f03a3f-fefb-4b71-aee4-8253c09408b6 	 true 
*models.Enemy 	6a9f3ff3-c76a-405c-bf8b-e42f88edf4ae 	 true 
models.Field 	2bff4562-8e5a-47e4-8e84-49c9fa26296a 	 true 
*models.Player 	87f03a3f-fefb-4b71-aee4-8253c09408b6 	 true 
*models.Player 	87f03a3f-fefb-4b71-aee4-8253c09408b6 	 true 
*models.Player 	87f03a3f-fefb-4b71-aee4-8253c09408b6 	 true 
*models.Player 	e10b6a61-bbc3-45ed-9ebb-6fffccc6dbe8 	 true 
*models.Player 	87f03a3f-fefb-4b71-aee4-8253c09408b6 	 true 
*models.Enemy 	6a9f3ff3-c76a-405c-bf8b-e42f88edf4ae 	 true 
*models.Item 	1c1cec7a-be93-4e2c-90cd-deb4041ad9bf 	 true 
*models.Item 	e68c731d-4a28-493d-8bd6-6e960121f725 	 true 
*models.Item 	d45ece1b-7dc3-4b8e-88c6-d2c431eecf44 	 true 
*models.Item 	8a5610f3-18f5-4e3e-8cc7-7bc9c115c3e6 	 true 
models.Field 	5005f750-129a-4b66-b4d7-afb318584375 	 true 
*models.Player 	87f03a3f-fefb-4b71-aee4-8253c09408b6 	 true 
*models.Player 	87f03a3f-fefb-4b71-aee4-8253c09408b6 	 true 
*models.Player 	87f03a3f-fefb-4b71-aee4-8253c09408b6 	 true 
*models.Enemy 	6a9f3ff3-c76a-405c-bf8b-e42f88edf4ae 	 true 
*models.Item 	1c1cec7a-be93-4e2c-90cd-deb4041ad9bf 	 true 
*models.Item 	e68c731d-4a28-493d-8bd6-6e960121f725 	 true 
*models.Item 	d45ece1b-7dc3-4b8e-88c6-d2c431eecf44 	 true 
*models.Item 	8a5610f3-18f5-4e3e-8cc7-7bc9c115c3e6 	 true 
*models.Player 	e10b6a61-bbc3-45ed-9ebb-6fffccc6dbe8 	 true 
*models.Player 	87f03a3f-fefb-4b71-aee4-8253c09408b6 	 true 
models.Field 	3a963b81-4c56-4b31-a01b-01a53767878e 	 true 
*models.Player 	87f03a3f-fefb-4b71-aee4-8253c09408b6 	 true 
*models.Player 	87f03a3f-fefb-4b71-aee4-8253c09408b6 	 true 
*models.Player 	87f03a3f-fefb-4b71-aee4-8253c09408b6 	 true 
*models.Item 	1c1cec7a-be93-4e2c-90cd-deb4041ad9bf 	 true 
*models.Item 	e68c731d-4a28-493d-8bd6-6e960121f725 	 true 
*models.Item 	d45ece1b-7dc3-4b8e-88c6-d2c431eecf44 	 true 
*models.Item 	8a5610f3-18f5-4e3e-8cc7-7bc9c115c3e6 	 true 
*models.Player 	e10b6a61-bbc3-45ed-9ebb-6fffccc6dbe8 	 true 
*models.Player 	87f03a3f-fefb-4b71-aee4-8253c09408b6 	 true 
*models.Enemy 	6a9f3ff3-c76a-405c-bf8b-e42f88edf4ae 	 true 
models.Field 	533197f2-9d88-487d-8de9-143b63741a08 	 true 
*models.Player 	87f03a3f-fefb-4b71-aee4-8253c09408b6 	 true 
*models.Player 	87f03a3f-fefb-4b71-aee4-8253c09408b6 	 true 
*models.Player 	87f03a3f-fefb-4b71-aee4-8253c09408b6 	 true 
*models.Player 	87f03a3f-fefb-4b71-aee4-8253c09408b6 	 true 
*models.Enemy 	6a9f3ff3-c76a-405c-bf8b-e42f88edf4ae 	 true 
*models.Item 	1c1cec7a-be93-4e2c-90cd-deb4041ad9bf 	 true 
*models.Item 	e68c731d-4a28-493d-8bd6-6e960121f725 	 true 
*models.Item 	d45ece1b-7dc3-4b8e-88c6-d2c431eecf44 	 true 
*models.Item 	8a5610f3-18f5-4e3e-8cc7-7bc9c115c3e6 	 true 
*models.Player 	e10b6a61-bbc3-45ed-9ebb-6fffccc6dbe8 	 true 
models.Field 	a50f90b4-bffc-4ec6-8965-38a27bcfdea4 	 true 
*models.Player 	87f03a3f-fefb-4b71-aee4-8253c09408b6 	 true 
*models.Player 	87f03a3f-fefb-4b71-aee4-8253c09408b6 	 true 
*models.Player 	87f03a3f-fefb-4b71-aee4-8253c09408b6 	 true 
*models.Player 	87f03a3f-fefb-4b71-aee4-8253c09408b6 	 true 
*models.Enemy 	6a9f3ff3-c76a-405c-bf8b-e42f88edf4ae 	 true 
*models.Item 	1c1cec7a-be93-4e2c-90cd-deb4041ad9bf 	 true 
*models.Item 	e68c731d-4a28-493d-8bd6-6e960121f725 	 true 
*models.Item 	d45ece1b-7dc3-4b8e-88c6-d2c431eecf44 	 true 
*models.Item 	8a5610f3-18f5-4e3e-8cc7-7bc9c115c3e6 	 true 
*models.Player 	e10b6a61-bbc3-45ed-9ebb-6fffccc6dbe8 	 true 
models.Field 	dca5e100-4c70-4713-b948-e329e56721f3 	 true 
*models.Player 	87f03a3f-fefb-4b71-aee4-8253c09408b6 	 true 
*models.Player 	87f03a3f-fefb-4b71-aee4-8253c09408b6 	 true 
*models.Player 	87f03a3f-fefb-4b71-aee4-8253c09408b6 	 true 
*models.Player 	87f03a3f-fefb-4b71-aee4-8253c09408b6 	 true 
*models.Enemy 	6a9f3ff3-c76a-405c-bf8b-e42f88edf4ae 	 true 
*models.Item 	1c1cec7a-be93-4e2c-90cd-deb4041ad9bf 	 true 
*models.Item 	e68c731d-4a28-493d-8bd6-6e960121f725 	 true 
*models.Item 	d45ece1b-7dc3-4b8e-88c6-d2c431eecf44 	 true 
*models.Item 	8a5610f3-18f5-4e3e-8cc7-7bc9c115c3e6 	 true 
*models.Player 	e10b6a61-bbc3-45ed-9ebb-6fffccc6dbe8 	 true 
models.Field 	84d56fb2-2675-4a4a-8d1d-bc8b365af7af 	 true 
*models.Player 	87f03a3f-fefb-4b71-aee4-8253c09408b6 	 true 
*models.Player 	87f03a3f-fefb-4b71-aee4-8253c09408b6 	 true 
*models.Player 	87f03a3f-fefb-4b71-aee4-8253c09408b6 	 true 
*models.Player 	e10b6a61-bbc3-45ed-9ebb-6fffccc6dbe8 	 true 
*models.Player 	87f03a3f-fefb-4b71-aee4-8253c09408b6 	 true 
*models.Enemy 	6a9f3ff3-c76a-405c-bf8b-e42f88edf4ae 	 true 
*models.Item 	1c1cec7a-be93-4e2c-90cd-deb4041ad9bf 	 true 
*models.Item 	e68c731d-4a28-493d-8bd6-6e960121f725 	 true 
*models.Item 	d45ece1b-7dc3-4b8e-88c6-d2c431eecf44 	 true 
*models.Item 	8a5610f3-18f5-4e3e-8cc7-7bc9c115c3e6 	 true 
models.Field 	a8790cc0-3691-42a2-8dc6-64696e6f8778 	 true 
*models.Player 	87f03a3f-fefb-4b71-aee4-8253c09408b6 	 true 
*models.Player 	87f03a3f-fefb-4b71-aee4-8253c09408b6 	 true 
*models.Player 	87f03a3f-fefb-4b71-aee4-8253c09408b6 	 true 
*models.Player 	e10b6a61-bbc3-45ed-9ebb-6fffccc6dbe8 	 true 
*models.Player 	87f03a3f-fefb-4b71-aee4-8253c09408b6 	 true 
*models.Enemy 	6a9f3ff3-c76a-405c-bf8b-e42f88edf4ae 	 true 
*models.Item 	1c1cec7a-be93-4e2c-90cd-deb4041ad9bf 	 true 
*models.Item 	e68c731d-4a28-493d-8bd6-6e960121f725 	 true 
*models.Item 	d45ece1b-7dc3-4b8e-88c6-d2c431eecf44 	 true 
*models.Item 	8a5610f3-18f5-4e3e-8cc7-7bc9c115c3e6 	 true 
models.Field 	94fb4904-12f4-4ad0-bb70-05486b246ed5 	 true 
*models.Player 	87f03a3f-fefb-4b71-aee4-8253c09408b6 	 true 
*models.Player 	87f03a3f-fefb-4b71-aee4-8253c09408b6 	 true 
*models.Player 	87f03a3f-fefb-4b71-aee4-8253c09408b6 	 true 
*models.Item 	d45ece1b-7dc3-4b8e-88c6-d2c431eecf44 	 true 
*models.Item 	8a5610f3-18f5-4e3e-8cc7-7bc9c115c3e6 	 true 
*models.Player 	e10b6a61-bbc3-45ed-9ebb-6fffccc6dbe8 	 true 
*models.Player 	87f03a3f-fefb-4b71-aee4-8253c09408b6 	 true 
*models.Enemy 	6a9f3ff3-c76a-405c-bf8b-e42f88edf4ae 	 true 
*models.Item 	1c1cec7a-be93-4e2c-90cd-deb4041ad9bf 	 true 
*models.Item 	e68c731d-4a28-493d-8bd6-6e960121f725 	 true 
models.Field 	184dbd6b-0992-40cb-bc8b-9236d77cb569 	 true 
*models.Player 	87f03a3f-fefb-4b71-aee4-8253c09408b6 	 true 
*models.Player 	87f03a3f-fefb-4b71-aee4-8253c09408b6 	 true 
*models.Player 	87f03a3f-fefb-4b71-aee4-8253c09408b6 	 true 
*models.Item 	1c1cec7a-be93-4e2c-90cd-deb4041ad9bf 	 true 
*models.Item 	e68c731d-4a28-493d-8bd6-6e960121f725 	 true 
*models.Item 	d45ece1b-7dc3-4b8e-88c6-d2c431eecf44 	 true 
*models.Item 	8a5610f3-18f5-4e3e-8cc7-7bc9c115c3e6 	 true 
*models.Player 	e10b6a61-bbc3-45ed-9ebb-6fffccc6dbe8 	 true 
*models.Player 	87f03a3f-fefb-4b71-aee4-8253c09408b6 	 true 
*models.Enemy 	6a9f3ff3-c76a-405c-bf8b-e42f88edf4ae 	 true 
models.Field 	8f83a212-ad41-496a-a1a7-0f17ec288d10 	 true 
*models.Player 	87f03a3f-fefb-4b71-aee4-8253c09408b6 	 true 
*models.Player 	87f03a3f-fefb-4b71-aee4-8253c09408b6 	 true 
*models.Player 	87f03a3f-fefb-4b71-aee4-8253c09408b6 	 true 
*models.Item 	d45ece1b-7dc3-4b8e-88c6-d2c431eecf44 	 true 
*models.Item 	8a5610f3-18f5-4e3e-8cc7-7bc9c115c3e6 	 true 
*models.Player 	e10b6a61-bbc3-45ed-9ebb-6fffccc6dbe8 	 true 
*models.Player 	87f03a3f-fefb-4b71-aee4-8253c09408b6 	 true 
*models.Enemy 	6a9f3ff3-c76a-405c-bf8b-e42f88edf4ae 	 true 
*models.Item 	1c1cec7a-be93-4e2c-90cd-deb4041ad9bf 	 true 
*models.Item 	e68c731d-4a28-493d-8bd6-6e960121f725 	 true 
models.Field 	3ee6331a-1b93-4219-a7ec-a3a02cefa4bd 	 true 
*models.Player 	87f03a3f-fefb-4b71-aee4-8253c09408b6 	 true 
*models.Player 	87f03a3f-fefb-4b71-aee4-8253c09408b6 	 true 
*models.Player 	87f03a3f-fefb-4b71-aee4-8253c09408b6 	 true 
*models.Item 	d45ece1b-7dc3-4b8e-88c6-d2c431eecf44 	 true 
*models.Item 	8a5610f3-18f5-4e3e-8cc7-7bc9c115c3e6 	 true 
*models.Player 	e10b6a61-bbc3-45ed-9ebb-6fffccc6dbe8 	 true 
*models.Player 	87f03a3f-fefb-4b71-aee4-8253c09408b6 	 true 
*models.Enemy 	6a9f3ff3-c76a-405c-bf8b-e42f88edf4ae 	 true 
*models.Item 	1c1cec7a-be93-4e2c-90cd-deb4041ad9bf 	 true 
*models.Item 	e68c731d-4a28-493d-8bd6-6e960121f725 	 true 
models.Field 	c16ff225-2ec7-4e21-8513-1fad163dc72c 	 true 
*models.Player 	87f03a3f-fefb-4b71-aee4-8253c09408b6 	 true 
*models.Player 	87f03a3f-fefb-4b71-aee4-8253c09408b6 	 true 
*models.Player 	87f03a3f-fefb-4b71-aee4-8253c09408b6 	 true 
*models.Player 	e10b6a61-bbc3-45ed-9ebb-6fffccc6dbe8 	 true 
*models.Player 	87f03a3f-fefb-4b71-aee4-8253c09408b6 	 true 
*models.Enemy 	6a9f3ff3-c76a-405c-bf8b-e42f88edf4ae 	 true 
*models.Item 	1c1cec7a-be93-4e2c-90cd-deb4041ad9bf 	 true 
*models.Item 	e68c731d-4a28-493d-8bd6-6e960121f725 	 true 
*models.Item 	d45ece1b-7dc3-4b8e-88c6-d2c431eecf44 	 true 
*models.Item 	8a5610f3-18f5-4e3e-8cc7-7bc9c115c3e6 	 true 
models.Field 	d36a95e6-d407-4dc0-85d9-f11a6f9a3933 	 true 
*models.Player 	87f03a3f-fefb-4b71-aee4-8253c09408b6 	 true 
*models.Player 	87f03a3f-fefb-4b71-aee4-8253c09408b6 	 true 
*models.Player 	87f03a3f-fefb-4b71-aee4-8253c09408b6 	 true 
*models.Item 	e68c731d-4a28-493d-8bd6-6e960121f725 	 true 
*models.Item 	d45ece1b-7dc3-4b8e-88c6-d2c431eecf44 	 true 
*models.Item 	8a5610f3-18f5-4e3e-8cc7-7bc9c115c3e6 	 true 
*models.Player 	e10b6a61-bbc3-45ed-9ebb-6fffccc6dbe8 	 true 
*models.Player 	87f03a3f-fefb-4b71-aee4-8253c09408b6 	 true 
*models.Enemy 	6a9f3ff3-c76a-405c-bf8b-e42f88edf4ae 	 true 
*models.Item 	1c1cec7a-be93-4e2c-90cd-deb4041ad9bf 	 true 
models.Field 	7ac8f52d-47df-4d91-99da-3208ec9436d6 	 true 
*models.Player 	87f03a3f-fefb-4b71-aee4-8253c09408b6 	 true 
*models.Player 	87f03a3f-fefb-4b71-aee4-8253c09408b6 	 true 
*models.Player 	87f03a3f-fefb-4b71-aee4-8253c09408b6 	 true 
*models.Item 	1c1cec7a-be93-4e2c-90cd-deb4041ad9bf 	 true 
*models.Item 	e68c731d-4a28-493d-8bd6-6e960121f725 	 true 
*models.Item 	d45ece1b-7dc3-4b8e-88c6-d2c431eecf44 	 true 
*models.Item 	8a5610f3-18f5-4e3e-8cc7-7bc9c115c3e6 	 true 
*models.Player 	e10b6a61-bbc3-45ed-9ebb-6fffccc6dbe8 	 true 
*models.Player 	87f03a3f-fefb-4b71-aee4-8253c09408b6 	 true 
*models.Enemy 	6a9f3ff3-c76a-405c-bf8b-e42f88edf4ae 	 true 
models.Field 	b0b440c0-fd44-47d5-870b-9c2ed9e63045 	 true 
*models.Player 	87f03a3f-fefb-4b71-aee4-8253c09408b6 	 true 
*models.Player 	87f03a3f-fefb-4b71-aee4-8253c09408b6 	 true 
*models.Player 	87f03a3f-fefb-4b71-aee4-8253c09408b6 	 true 
*models.Player 	e10b6a61-bbc3-45ed-9ebb-6fffccc6dbe8 	 true 
*models.Player 	87f03a3f-fefb-4b71-aee4-8253c09408b6 	 true 
*models.Enemy 	6a9f3ff3-c76a-405c-bf8b-e42f88edf4ae 	 true 
*models.Item 	1c1cec7a-be93-4e2c-90cd-deb4041ad9bf 	 true 
*models.Item 	e68c731d-4a28-493d-8bd6-6e960121f725 	 true 
*models.Item 	d45ece1b-7dc3-4b8e-88c6-d2c431eecf44 	 true 
*models.Item 	8a5610f3-18f5-4e3e-8cc7-7bc9c115c3e6 	 true 
models.Field 	c091d963-e3c1-4262-93bd-266a4f16e6f4 	 true 
*models.Player 	87f03a3f-fefb-4b71-aee4-8253c09408b6 	 true 
*models.Player 	87f03a3f-fefb-4b71-aee4-8253c09408b6 	 true 
*models.Player 	87f03a3f-fefb-4b71-aee4-8253c09408b6 	 true 
*models.Player 	e10b6a61-bbc3-45ed-9ebb-6fffccc6dbe8 	 true 
*models.Player 	87f03a3f-fefb-4b71-aee4-8253c09408b6 	 true 
*models.Enemy 	6a9f3ff3-c76a-405c-bf8b-e42f88edf4ae 	 true 
*models.Item 	1c1cec7a-be93-4e2c-90cd-deb4041ad9bf 	 true 
*models.Item 	e68c731d-4a28-493d-8bd6-6e960121f725 	 true 
*models.Item 	d45ece1b-7dc3-4b8e-88c6-d2c431eecf44 	 true 
*models.Item 	8a5610f3-18f5-4e3e-8cc7-7bc9c115c3e6 	 true 
models.Field 	4e20acd7-5d57-4476-af0f-2acf9d556439 	 true 
*models.Player 	87f03a3f-fefb-4b71-aee4-8253c09408b6 	 true 
*models.Player 	87f03a3f-fefb-4b71-aee4-8253c09408b6 	 true 
*models.Player 	87f03a3f-fefb-4b71-aee4-8253c09408b6 	 true 
*models.Item 	8a5610f3-18f5-4e3e-8cc7-7bc9c115c3e6 	 true 
*models.Player 	e10b6a61-bbc3-45ed-9ebb-6fffccc6dbe8 	 true 
*models.Player 	87f03a3f-fefb-4b71-aee4-8253c09408b6 	 true 
*models.Enemy 	6a9f3ff3-c76a-405c-bf8b-e42f88edf4ae 	 true 
*models.Item 	1c1cec7a-be93-4e2c-90cd-deb4041ad9bf 	 true 
*models.Item 	e68c731d-4a28-493d-8bd6-6e960121f725 	 true 
*models.Item 	d45ece1b-7dc3-4b8e-88c6-d2c431eecf44 	 true 
models.Field 	5f4ab1db-3c1d-4a08-9fa7-756c4e4834b5 	 true 
*models.Player 	87f03a3f-fefb-4b71-aee4-8253c09408b6 	 true 
*models.Player 	87f03a3f-fefb-4b71-aee4-8253c09408b6 	 true 
*models.Player 	87f03a3f-fefb-4b71-aee4-8253c09408b6 	 true 
*models.Item 	d45ece1b-7dc3-4b8e-88c6-d2c431eecf44 	 true 
*models.Item 	8a5610f3-18f5-4e3e-8cc7-7bc9c115c3e6 	 true 
*models.Player 	e10b6a61-bbc3-45ed-9ebb-6fffccc6dbe8 	 true 
*models.Player 	87f03a3f-fefb-4b71-aee4-8253c09408b6 	 true 
*models.Enemy 	6a9f3ff3-c76a-405c-bf8b-e42f88edf4ae 	 true 
*models.Item 	1c1cec7a-be93-4e2c-90cd-deb4041ad9bf 	 true 
*models.Item 	e68c731d-4a28-493d-8bd6-6e960121f725 	 true 
*models.Item 	1c1cec7a-be93-4e2c-90cd-deb4041ad9bf 	 true 
*models.Item 	1c1cec7a-be93-4e2c-90cd-deb4041ad9bf 	 true 
DEBUG	Item 1c1cec7a-be93-4e2c-90cd-deb4041ad9bf display off
*models.Item 	1c1cec7a-be93-4e2c-90cd-deb4041ad9bf 	 true 
*models.Player 	87f03a3f-fefb-4b71-aee4-8253c09408b6 	 true 
*models.Player 	87f03a3f-fefb-4b71-aee4-8253c09408b6 	 true 
*models.Player 	87f03a3f-fefb-4b71-aee4-8253c09408b6 	 true 
*models.Item 	1c1cec7a-be93-4e2c-90cd-deb4041ad9bf 	 true 
*models.Item 	e68c731d-4a28-493d-8bd6-6e960121f725 	 true 
*models.Item 	d45ece1b-7dc3-4b8e-88c6-d2c431eecf44 	 true 
*models.Item 	8a5610f3-18f5-4e3e-8cc7-7bc9c115c3e6 	 true 
*models.Player 	e10b6a61-bbc3-45ed-9ebb-6fffccc6dbe8 	 true 
*models.Player 	87f03a3f-fefb-4b71-aee4-8253c09408b6 	 true 
*models.Enemy 	6a9f3ff3-c76a-405c-bf8b-e42f88edf4ae 	 true 
*models.Player 	e10b6a61-bbc3-45ed-9ebb-6fffccc6dbe8 	 true 
*models.Player 	e10b6a61-bbc3-45ed-9ebb-6fffccc6dbe8 	 true 
*models.Player 	e10b6a61-bbc3-45ed-9ebb-6fffccc6dbe8 	 true 
*models.Player 	87f03a3f-fefb-4b71-aee4-8253c09408b6 	 true 
*models.Player 	87f03a3f-fefb-4b71-aee4-8253c09408b6 	 true 
*models.Player 	87f03a3f-fefb-4b71-aee4-8253c09408b6 	 true 
*models.Player 	e10b6a61-bbc3-45ed-9ebb-6fffccc6dbe8 	 true 
*models.Player 	87f03a3f-fefb-4b71-aee4-8253c09408b6 	 true 
*models.Enemy 	6a9f3ff3-c76a-405c-bf8b-e42f88edf4ae 	 true 
*models.Item 	1c1cec7a-be93-4e2c-90cd-deb4041ad9bf 	 true 
*models.Item 	e68c731d-4a28-493d-8bd6-6e960121f725 	 true 
*models.Item 	d45ece1b-7dc3-4b8e-88c6-d2c431eecf44 	 true 
*models.Item 	8a5610f3-18f5-4e3e-8cc7-7bc9c115c3e6 	 true 
models.Field 	dc9f231f-1d3d-441d-a783-1acb5fda8c18 	 true 
*models.Player 	87f03a3f-fefb-4b71-aee4-8253c09408b6 	 true 
*models.Player 	87f03a3f-fefb-4b71-aee4-8253c09408b6 	 true 
*models.Player 	87f03a3f-fefb-4b71-aee4-8253c09408b6 	 true 
*models.Item 	8a5610f3-18f5-4e3e-8cc7-7bc9c115c3e6 	 true 
*models.Player 	e10b6a61-bbc3-45ed-9ebb-6fffccc6dbe8 	 true 
*models.Player 	87f03a3f-fefb-4b71-aee4-8253c09408b6 	 true 
*models.Enemy 	6a9f3ff3-c76a-405c-bf8b-e42f88edf4ae 	 true 
*models.Item 	1c1cec7a-be93-4e2c-90cd-deb4041ad9bf 	 true 
*models.Item 	e68c731d-4a28-493d-8bd6-6e960121f725 	 true 
*models.Item 	d45ece1b-7dc3-4b8e-88c6-d2c431eecf44 	 true 
*models.Player 	e10b6a61-bbc3-45ed-9ebb-6fffccc6dbe8 	 true 
*models.Player 	e10b6a61-bbc3-45ed-9ebb-6fffccc6dbe8 	 true 
*models.Player 	e10b6a61-bbc3-45ed-9ebb-6fffccc6dbe8 	 true 
*models.Player 	87f03a3f-fefb-4b71-aee4-8253c09408b6 	 true 
*models.Player 	87f03a3f-fefb-4b71-aee4-8253c09408b6 	 true 
*models.Player 	87f03a3f-fefb-4b71-aee4-8253c09408b6 	 true 
*models.Item 	d45ece1b-7dc3-4b8e-88c6-d2c431eecf44 	 true 
*models.Item 	8a5610f3-18f5-4e3e-8cc7-7bc9c115c3e6 	 true 
*models.Player 	e10b6a61-bbc3-45ed-9ebb-6fffccc6dbe8 	 true 
*models.Player 	87f03a3f-fefb-4b71-aee4-8253c09408b6 	 true 
*models.Enemy 	6a9f3ff3-c76a-405c-bf8b-e42f88edf4ae 	 true 
*models.Item 	1c1cec7a-be93-4e2c-90cd-deb4041ad9bf 	 true 
*models.Item 	e68c731d-4a28-493d-8bd6-6e960121f725 	 true 
*models.Player 	e10b6a61-bbc3-45ed-9ebb-6fffccc6dbe8 	 true 
*models.Player 	e10b6a61-bbc3-45ed-9ebb-6fffccc6dbe8 	 true 
*models.Player 	e10b6a61-bbc3-45ed-9ebb-6fffccc6dbe8 	 true 
*models.Player 	87f03a3f-fefb-4b71-aee4-8253c09408b6 	 true 
*models.Player 	87f03a3f-fefb-4b71-aee4-8253c09408b6 	 true 
*models.Player 	87f03a3f-fefb-4b71-aee4-8253c09408b6 	 true 
*models.Item 	8a5610f3-18f5-4e3e-8cc7-7bc9c115c3e6 	 true 
*models.Player 	e10b6a61-bbc3-45ed-9ebb-6fffccc6dbe8 	 true 
*models.Player 	87f03a3f-fefb-4b71-aee4-8253c09408b6 	 true 
*models.Enemy 	6a9f3ff3-c76a-405c-bf8b-e42f88edf4ae 	 true 
*models.Item 	1c1cec7a-be93-4e2c-90cd-deb4041ad9bf 	 true 
*models.Item 	e68c731d-4a28-493d-8bd6-6e960121f725 	 true 
*models.Item 	d45ece1b-7dc3-4b8e-88c6-d2c431eecf44 	 true 
*models.Player 	e10b6a61-bbc3-45ed-9ebb-6fffccc6dbe8 	 true 
*models.Player 	e10b6a61-bbc3-45ed-9ebb-6fffccc6dbe8 	 true 
*models.Player 	e10b6a61-bbc3-45ed-9ebb-6fffccc6dbe8 	 true 
*models.Player 	87f03a3f-fefb-4b71-aee4-8253c09408b6 	 true 
*models.Player 	87f03a3f-fefb-4b71-aee4-8253c09408b6 	 true 
*models.Player 	87f03a3f-fefb-4b71-aee4-8253c09408b6 	 true 
*models.Item 	1c1cec7a-be93-4e2c-90cd-deb4041ad9bf 	 true 
*models.Item 	e68c731d-4a28-493d-8bd6-6e960121f725 	 true 
*models.Item 	d45ece1b-7dc3-4b8e-88c6-d2c431eecf44 	 true 
*models.Item 	8a5610f3-18f5-4e3e-8cc7-7bc9c115c3e6 	 true 
*models.Player 	e10b6a61-bbc3-45ed-9ebb-6fffccc6dbe8 	 true 
*models.Player 	87f03a3f-fefb-4b71-aee4-8253c09408b6 	 true 
*models.Enemy 	6a9f3ff3-c76a-405c-bf8b-e42f88edf4ae 	 true 
*models.Player 	e10b6a61-bbc3-45ed-9ebb-6fffccc6dbe8 	 true 
*models.Player 	e10b6a61-bbc3-45ed-9ebb-6fffccc6dbe8 	 true 
*models.Player 	e10b6a61-bbc3-45ed-9ebb-6fffccc6dbe8 	 true 
*models.Player 	87f03a3f-fefb-4b71-aee4-8253c09408b6 	 true 
*models.Player 	87f03a3f-fefb-4b71-aee4-8253c09408b6 	 true 
*models.Player 	87f03a3f-fefb-4b71-aee4-8253c09408b6 	 true 
*models.Item 	d45ece1b-7dc3-4b8e-88c6-d2c431eecf44 	 true 
*models.Item 	8a5610f3-18f5-4e3e-8cc7-7bc9c115c3e6 	 true 
*models.Player 	e10b6a61-bbc3-45ed-9ebb-6fffccc6dbe8 	 true 
*models.Player 	87f03a3f-fefb-4b71-aee4-8253c09408b6 	 true 
*models.Enemy 	6a9f3ff3-c76a-405c-bf8b-e42f88edf4ae 	 true 
*models.Item 	1c1cec7a-be93-4e2c-90cd-deb4041ad9bf 	 true 
*models.Item 	e68c731d-4a28-493d-8bd6-6e960121f725 	 true 
*models.Player 	e10b6a61-bbc3-45ed-9ebb-6fffccc6dbe8 	 true 
*models.Player 	e10b6a61-bbc3-45ed-9ebb-6fffccc6dbe8 	 true 
*models.Player 	e10b6a61-bbc3-45ed-9ebb-6fffccc6dbe8 	 true 
*models.Player 	87f03a3f-fefb-4b71-aee4-8253c09408b6 	 true 
*models.Player 	87f03a3f-fefb-4b71-aee4-8253c09408b6 	 true 
*models.Player 	87f03a3f-fefb-4b71-aee4-8253c09408b6 	 true 
*models.Player 	e10b6a61-bbc3-45ed-9ebb-6fffccc6dbe8 	 true 
*models.Player 	87f03a3f-fefb-4b71-aee4-8253c09408b6 	 true 
*models.Enemy 	6a9f3ff3-c76a-405c-bf8b-e42f88edf4ae 	 true 
*models.Item 	1c1cec7a-be93-4e2c-90cd-deb4041ad9bf 	 true 
*models.Item 	e68c731d-4a28-493d-8bd6-6e960121f725 	 true 
*models.Item 	d45ece1b-7dc3-4b8e-88c6-d2c431eecf44 	 true 
*models.Item 	8a5610f3-18f5-4e3e-8cc7-7bc9c115c3e6 	 true 
*models.Player 	e10b6a61-bbc3-45ed-9ebb-6fffccc6dbe8 	 true 
*models.Player 	e10b6a61-bbc3-45ed-9ebb-6fffccc6dbe8 	 true 
*models.Player 	e10b6a61-bbc3-45ed-9ebb-6fffccc6dbe8 	 true 
*models.Player 	87f03a3f-fefb-4b71-aee4-8253c09408b6 	 true 
*models.Player 	87f03a3f-fefb-4b71-aee4-8253c09408b6 	 true 
*models.Player 	87f03a3f-fefb-4b71-aee4-8253c09408b6 	 true 
*models.Item 	d45ece1b-7dc3-4b8e-88c6-d2c431eecf44 	 true 
*models.Item 	8a5610f3-18f5-4e3e-8cc7-7bc9c115c3e6 	 true 
*models.Player 	e10b6a61-bbc3-45ed-9ebb-6fffccc6dbe8 	 true 
*models.Player 	87f03a3f-fefb-4b71-aee4-8253c09408b6 	 true 
*models.Enemy 	6a9f3ff3-c76a-405c-bf8b-e42f88edf4ae 	 true 
*models.Item 	1c1cec7a-be93-4e2c-90cd-deb4041ad9bf 	 true 
*models.Item 	e68c731d-4a28-493d-8bd6-6e960121f725 	 true 
*models.Player 	e10b6a61-bbc3-45ed-9ebb-6fffccc6dbe8 	 true 
*models.Player 	e10b6a61-bbc3-45ed-9ebb-6fffccc6dbe8 	 true 
*models.Player 	e10b6a61-bbc3-45ed-9ebb-6fffccc6dbe8 	 true 
*models.Player 	87f03a3f-fefb-4b71-aee4-8253c09408b6 	 true 
*models.Player 	87f03a3f-fefb-4b71-aee4-8253c09408b6 	 true 
*models.Player 	87f03a3f-fefb-4b71-aee4-8253c09408b6 	 true 
*models.Item 	8a5610f3-18f5-4e3e-8cc7-7bc9c115c3e6 	 true 
*models.Player 	e10b6a61-bbc3-45ed-9ebb-6fffccc6dbe8 	 true 
*models.Player 	87f03a3f-fefb-4b71-aee4-8253c09408b6 	 true 
*models.Enemy 	6a9f3ff3-c76a-405c-bf8b-e42f88edf4ae 	 true 
*models.Item 	1c1cec7a-be93-4e2c-90cd-deb4041ad9bf 	 true 
*models.Item 	e68c731d-4a28-493d-8bd6-6e960121f725 	 true 
*models.Item 	d45ece1b-7dc3-4b8e-88c6-d2c431eecf44 	 true 
models.Field 	1b5ffa3e-59fb-4a48-ac49-bd663ff6ed46 	 true 
*models.Player 	87f03a3f-fefb-4b71-aee4-8253c09408b6 	 true 
*models.Player 	87f03a3f-fefb-4b71-aee4-8253c09408b6 	 true 
*models.Player 	87f03a3f-fefb-4b71-aee4-8253c09408b6 	 true 
*models.Player 	87f03a3f-fefb-4b71-aee4-8253c09408b6 	 true 
*models.Enemy 	6a9f3ff3-c76a-405c-bf8b-e42f88edf4ae 	 true 
*models.Item 	1c1cec7a-be93-4e2c-90cd-deb4041ad9bf 	 true 
*models.Item 	e68c731d-4a28-493d-8bd6-6e960121f725 	 true 
*models.Item 	d45ece1b-7dc3-4b8e-88c6-d2c431eecf44 	 true 
*models.Item 	8a5610f3-18f5-4e3e-8cc7-7bc9c115c3e6 	 true 
*models.Player 	e10b6a61-bbc3-45ed-9ebb-6fffccc6dbe8 	 true 
*models.Player 	e10b6a61-bbc3-45ed-9ebb-6fffccc6dbe8 	 true 
*models.Player 	e10b6a61-bbc3-45ed-9ebb-6fffccc6dbe8 	 true 
*models.Player 	e10b6a61-bbc3-45ed-9ebb-6fffccc6dbe8 	 true 
*models.Player 	87f03a3f-fefb-4b71-aee4-8253c09408b6 	 true 
*models.Player 	87f03a3f-fefb-4b71-aee4-8253c09408b6 	 true 
*models.Player 	87f03a3f-fefb-4b71-aee4-8253c09408b6 	 true 
*models.Player 	87f03a3f-fefb-4b71-aee4-8253c09408b6 	 true 
*models.Enemy 	6a9f3ff3-c76a-405c-bf8b-e42f88edf4ae 	 true 
*models.Item 	1c1cec7a-be93-4e2c-90cd-deb4041ad9bf 	 true 
*models.Item 	e68c731d-4a28-493d-8bd6-6e960121f725 	 true 
*models.Item 	d45ece1b-7dc3-4b8e-88c6-d2c431eecf44 	 true 
*models.Item 	8a5610f3-18f5-4e3e-8cc7-7bc9c115c3e6 	 true 
*models.Player 	e10b6a61-bbc3-45ed-9ebb-6fffccc6dbe8 	 true 
